<?xml version="1.0" encoding="UTF-8"?>
<!-- Generated by org.testng.reporters.JUnitXMLReporter -->
<testsuite ignored="2" hostname="Mihil" failures="0" tests="5" name="Car Loan" time="0.049" errors="0" timestamp="2024-04-28T16:39:36 IST">
  <testcase classname="test.Day3" name="MobileLogincarLoan" time="0.005"/>
  <testcase classname="test.Day3" name="MobilesignoutcarLoan" time="0.001"/>
  <testcase classname="test.Day3" name="MobilesignoutcarLoan" time="0.001"/>
  <testcase classname="test.Day3" name="MobilesignoutcarLoan" time="0.0"/>
  <testcase classname="test.Day3" name="WebloginCarLoan" time="0.0"/>
  <testcase classname="test.Day3" name="MobilesignimcarLoan" time="0.0">
    <ignored/>
  </testcase> <!-- MobilesignimcarLoan -->
  <testcase classname="test.Day3" name="APIcarLoan" time="0.0">
    <ignored/>
  </testcase> <!-- APIcarLoan -->
</testsuite> <!-- Car Loan -->
