<?xml version="1.0" encoding="UTF-8"?>
<!-- Generated by org.testng.reporters.JUnitXMLReporter -->
<testsuite ignored="0" hostname="Mihil" failures="0" tests="4" name="Test" time="0.048" errors="0" timestamp="2024-04-28T16:11:25 IST">
  <testcase classname="test.Day1" name="Demo" time="0.008"/>
  <testcase classname="test.Day2" name="Demo2" time="0.001"/>
  <testcase classname="test.Day2" name="Demo2" time="0.0"/>
  <testcase classname="test.Day2" name="Demo2" time="0.0"/>
</testsuite> <!-- Test -->
